<?xml version="1.0" encoding="UTF-8"?>
<!-- Generated by org.testng.reporters.JUnitXMLReporter -->
<testsuite hostname="GS-4885" ignored="0" name="Singleton Tests" tests="4" failures="0" timestamp="18 Apr 2020 11:25:25 GMT" time="73.397" errors="0">
  <testcase name="verifyLogin" time="7.865" classname="com.qa.testcases.loginTest"/>
  <testcase name="verifyLogin1" time="7.5" classname="com.qa.testcases.loginTest"/>
  <testcase name="verifydashbord" time="7.744" classname="com.qa.testcases.homeTest"/>
  <testcase name="verifydashbord1" time="6.03" classname="com.qa.testcases.homeTest"/>
</testsuite> <!-- Singleton Tests -->
